"Task Aware Debugger for GDB" version 11.7.1 (202303141002)
(c) 2016-2022 NXP Semiconductors, Inc.
==================================
15:30:45.873 INFO: [TadModel] DSF session ID 11 has started.
15:30:48.663 INFO: [TadState] TAD state changed: DEBUG_STARTED -> DEBUG_INIT_0 (RESUMED, USER_REQUEST)
15:30:48.689 INFO: [TadState] TAD state changed: DEBUG_INIT_0 -> DEBUG_INIT_1 (SUSPENDED, SIGNAL)
15:30:49.302 INFO: [TadState] TAD state changed: DEBUG_INIT_1 -> DEBUG_SUSPENDED (RESUMED, USER_REQUEST)
15:30:49.374 INFO: [TadState] TAD state changed: DEBUG_SUSPENDED -> DEBUG_SUSPENDED (SUSPENDED, BREAKPOINT)
15:30:52.561 INFO: [TadState] TAD state changed: DEBUG_SUSPENDED -> DEBUG_RESUMED (RESUMED, STEP)
15:30:52.756 INFO: [TadState] TAD state changed: DEBUG_RESUMED -> READY (SUSPENDED, STEP)
15:30:53.427 INFO: [TadState] TAD state changed: READY -> DEBUG_RESUMED (RESUMED, STEP)
15:30:53.671 INFO: [TadState] TAD state changed: DEBUG_RESUMED -> READY (SUSPENDED, STEP)
15:30:54.215 INFO: [TadState] TAD state changed: READY -> DEBUG_RESUMED (RESUMED, STEP)
15:30:54.456 INFO: [TadState] TAD state changed: DEBUG_RESUMED -> READY (SUSPENDED, STEP)
15:30:55.587 INFO: [TadState] TAD state changed: READY -> DEBUG_RESUMED (RESUMED, STEP)
15:30:55.783 INFO: [TadState] TAD state changed: DEBUG_RESUMED -> READY (SUSPENDED, STEP)
15:30:56.182 INFO: [TadState] TAD state changed: READY -> DEBUG_RESUMED (RESUMED, STEP)
15:30:56.367 INFO: [TadState] TAD state changed: DEBUG_RESUMED -> READY (SUSPENDED, STEP)
15:30:57.236 INFO: [TadState] TAD state changed: READY -> DEBUG_RESUMED (RESUMED, STEP)
15:30:57.437 INFO: [TadState] TAD state changed: DEBUG_RESUMED -> READY (SUSPENDED, STEP)
15:30:58.428 INFO: [TadState] TAD state changed: READY -> DEBUG_RESUMED (RESUMED, STEP)
15:30:58.511 INFO: [TadState] TAD state changed: DEBUG_RESUMED -> READY (SUSPENDED, STEP)
15:30:59.157 INFO: [TadState] TAD state changed: READY -> DEBUG_RESUMED (RESUMED, STEP)
15:30:59.245 INFO: [TadState] TAD state changed: DEBUG_RESUMED -> READY (SUSPENDED, STEP)
15:30:59.837 INFO: [TadState] TAD state changed: READY -> DEBUG_RESUMED (RESUMED, STEP)
15:30:59.926 INFO: [TadState] TAD state changed: DEBUG_RESUMED -> READY (SUSPENDED, STEP)
15:31:00.307 INFO: [TadState] TAD state changed: READY -> DEBUG_RESUMED (RESUMED, STEP)
15:31:00.393 INFO: [TadState] TAD state changed: DEBUG_RESUMED -> READY (SUSPENDED, STEP)
15:31:00.836 INFO: [TadState] TAD state changed: READY -> DEBUG_RESUMED (RESUMED, STEP)
15:31:00.921 INFO: [TadState] TAD state changed: DEBUG_RESUMED -> READY (SUSPENDED, STEP)
15:31:01.168 INFO: [TadState] TAD state changed: READY -> DEBUG_RESUMED (RESUMED, STEP)
15:31:01.252 INFO: [TadState] TAD state changed: DEBUG_RESUMED -> READY (SUSPENDED, STEP)
15:31:01.538 INFO: [TadState] TAD state changed: READY -> DEBUG_RESUMED (RESUMED, STEP)
15:31:01.617 INFO: [TadState] TAD state changed: DEBUG_RESUMED -> READY (SUSPENDED, STEP)
15:31:01.816 INFO: [TadState] TAD state changed: READY -> DEBUG_RESUMED (RESUMED, STEP)
15:31:01.897 INFO: [TadState] TAD state changed: DEBUG_RESUMED -> READY (SUSPENDED, STEP)
15:31:02.295 INFO: [TadState] TAD state changed: READY -> DEBUG_RESUMED (RESUMED, STEP)
15:31:02.376 INFO: [TadState] TAD state changed: DEBUG_RESUMED -> READY (SUSPENDED, STEP)
15:31:02.706 INFO: [TadState] TAD state changed: READY -> DEBUG_RESUMED (RESUMED, STEP)
15:31:02.789 INFO: [TadState] TAD state changed: DEBUG_RESUMED -> READY (SUSPENDED, STEP)
15:31:03.605 INFO: [TadState] TAD state changed: READY -> DEBUG_RESUMED (RESUMED, STEP)
15:31:03.692 INFO: [TadState] TAD state changed: DEBUG_RESUMED -> READY (SUSPENDED, STEP)
15:31:03.985 INFO: [TadState] TAD state changed: READY -> DEBUG_RESUMED (RESUMED, STEP)
15:31:04.69 INFO: [TadState] TAD state changed: DEBUG_RESUMED -> READY (SUSPENDED, STEP)
15:31:28.430 INFO: [TadState] TAD state changed: READY -> DEBUG_RESUMED (RESUMED, STEP)
15:31:28.507 INFO: [TadState] TAD state changed: DEBUG_RESUMED -> READY (SUSPENDED, STEP)
15:31:29.176 INFO: [TadState] TAD state changed: READY -> DEBUG_RESUMED (RESUMED, STEP)
15:31:29.262 INFO: [TadState] TAD state changed: DEBUG_RESUMED -> READY (SUSPENDED, STEP)
15:31:32.747 INFO: [TadModel] DSF session ID 11 has ended.
